<?xml version="1.0" encoding="UTF-8"?>
<testsuite xmlns:xsi="http://www.w3.org/2001/XMLSchema-instance" xsi:noNamespaceSchemaLocation="https://maven.apache.org/surefire/maven-surefire-plugin/xsd/surefire-test-report.xsd" name="com.CRM.app.CRM_Alejandro_Tejada.CrmAlejandroTejadaApplicationTests" time="4.14" tests="1" errors="0" skipped="0" failures="1">
  <properties>
[...]
</properties>
  <testcase name="getUsersNotNull" classname="com.CRM.app.CRM_Alejandro_Tejada.CrmAlejandroTejadaApplicationTests" time="0.696">
    <failure message="expected: &lt;true&gt; but was: &lt;null&gt;" type="org.opentest4j.AssertionFailedError"><![CDATA[org.opentest4j.AssertionFailedError: expected: <true> but was: <null>
	at com.CRM.app.CRM_Alejandro_Tejada.CrmAlejandroTejadaApplicationTests.getUsersNotNull(CrmAlejandroTejadaApplicationTests.java:20)
]]></failure>
    <system-out><![CDATA[16:54:14.534 [main] DEBUG org.springframework.boot.test.context.SpringBootTestContextBootstrapper - Neither @ContextConfiguration nor @ContextHierarchy found for test class [CrmAlejandroTejadaApplicationTests]: using SpringBootContextLoader
16:54:14.542 [main] DEBUG org.springframework.test.context.support.AbstractContextLoader - Could not detect default resource locations for test class [com.CRM.app.CRM_Alejandro_Tejada.CrmAlejandroTejadaApplicationTests]: no resource found for suffixes {-context.xml, Context.groovy}.
16:54:14.544 [main] INFO org.springframework.test.context.support.AnnotationConfigContextLoaderUtils - Could not detect default configuration classes for test class [com.CRM.app.CRM_Alejandro_Tejada.CrmAlejandroTejadaApplicationTests]: CrmAlejandroTejadaApplicationTests does not declare any static, non-private, non-final, nested classes annotated with @Configuration.
16:54:14.603 [main] DEBUG org.springframework.boot.test.context.SpringBootTestContextBootstrapper - Using ContextCustomizers for test class [CrmAlejandroTejadaApplicationTests]: [ExcludeFilterContextCustomizer, DuplicateJsonObjectContextCustomizer, MockitoContextCustomizer, TestRestTemplateContextCustomizer, DisableObservabilityContextCustomizer, PropertyMappingContextCustomizer, Customizer]
16:54:14.779 [main] DEBUG org.springframework.context.annotation.ClassPathScanningCandidateComponentProvider - Identified candidate component class: file [C:\Users\alejandro.tejada\OneDrive - Solera Holdings, Inc\Desktop\CRM_Alejandro_Tejada\CRM_Alejandro_Tejada\target\classes\com\CRM\app\CRM_Alejandro_Tejada\CrmAlejandroTejadaApplication.class]
16:54:14.783 [main] INFO org.springframework.boot.test.context.SpringBootTestContextBootstrapper - Found @SpringBootConfiguration com.CRM.app.CRM_Alejandro_Tejada.CrmAlejandroTejadaApplication for test class com.CRM.app.CRM_Alejandro_Tejada.CrmAlejandroTejadaApplicationTests
16:54:14.993 [main] DEBUG org.springframework.test.context.util.TestContextSpringFactoriesUtils - Skipping candidate TestExecutionListener [org.springframework.test.context.transaction.TransactionalTestExecutionListener] due to a missing dependency. Specify custom TestExecutionListener classes or make the default TestExecutionListener classes and their required dependencies available. Offending class: [org/springframework/transaction/interceptor/TransactionAttributeSource]
16:54:14.997 [main] DEBUG org.springframework.test.context.util.TestContextSpringFactoriesUtils - Skipping candidate TestExecutionListener [org.springframework.test.context.jdbc.SqlScriptsTestExecutionListener] due to a missing dependency. Specify custom TestExecutionListener classes or make the default TestExecutionListener classes and their required dependencies available. Offending class: [org/springframework/transaction/interceptor/TransactionAttribute]
16:54:15.002 [main] DEBUG org.springframework.boot.test.context.SpringBootTestContextBootstrapper - Using TestExecutionListeners for test class [CrmAlejandroTejadaApplicationTests]: [ServletTestExecutionListener, DirtiesContextBeforeModesTestExecutionListener, ApplicationEventsTestExecutionListener, MockitoTestExecutionListener, DependencyInjectionTestExecutionListener, DirtiesContextTestExecutionListener, EventPublishingTestExecutionListener, ResetMocksTestExecutionListener, RestDocsTestExecutionListener, MockRestServiceServerResetTestExecutionListener, MockMvcPrintOnlyOnFailureTestExecutionListener, WebDriverTestExecutionListener, MockWebServiceServerTestExecutionListener]
16:54:15.006 [main] DEBUG org.springframework.test.context.support.AbstractDirtiesContextTestExecutionListener - Before test class: class [CrmAlejandroTejadaApplicationTests], class annotated with @DirtiesContext [false] with mode [null]

  .   ____          _            __ _ _
 /\\ / ___'_ __ _ _(_)_ __  __ _ \ \ \ \
( ( )\___ | '_ | '_| | '_ \/ _` | \ \ \ \
 \\/  ___)| |_)| | | | | || (_| |  ) ) ) )
  '  |____| .__|_| |_|_| |_\__, | / / / /
 =========|_|==============|___/=/_/_/_/
 :: Spring Boot ::                (v3.0.0)

2022-11-29T16:54:15.592+01:00  INFO 14640 --- [           main] C.a.C.CrmAlejandroTejadaApplicationTests : Starting CrmAlejandroTejadaApplicationTests using Java 17.0.4.1 with PID 14640 (started by alejandro.tejada in C:\Users\alejandro.tejada\OneDrive - Solera Holdings, Inc\Desktop\CRM_Alejandro_Tejada\CRM_Alejandro_Tejada)
2022-11-29T16:54:15.595+01:00  INFO 14640 --- [           main] C.a.C.CrmAlejandroTejadaApplicationTests : No active profile set, falling back to 1 default profile: "default"
2022-11-29T16:54:17.696+01:00  INFO 14640 --- [           main] C.a.C.CrmAlejandroTejadaApplicationTests : Started CrmAlejandroTejadaApplicationTests in 2.603 seconds (process running for 4.482)
]]></system-out>
  </testcase>
</testsuite>